[debug] [2024-05-01T21:29:19.528Z] ----------------------------------------------------------------------
[debug] [2024-05-01T21:29:19.530Z] Command:       D:\Program Files\nodejs\node.exe C:\Users\isgod\AppData\Roaming\npm\node_modules\firebase-tools\lib\bin\firebase.js projects:list
[debug] [2024-05-01T21:29:19.531Z] CLI Version:   13.7.5
[debug] [2024-05-01T21:29:19.531Z] Platform:      win32
[debug] [2024-05-01T21:29:19.531Z] Node Version:  v18.12.1
[debug] [2024-05-01T21:29:19.532Z] Time:          Wed May 01 2024 23:29:19 GMT+0200 (heure d’été d’Europe centrale)
[debug] [2024-05-01T21:29:19.532Z] ----------------------------------------------------------------------
[debug] 
[debug] [2024-05-01T21:29:19.599Z] > command requires scopes: ["email","openid","https://www.googleapis.com/auth/cloudplatformprojects.readonly","https://www.googleapis.com/auth/firebase","https://www.googleapis.com/auth/cloud-platform"]
[debug] [2024-05-01T21:29:19.599Z] > authorizing via signed-in user (isgodzy@gmail.com)
[debug] [2024-05-01T21:29:19.603Z] > refreshing access token with scopes: []
[debug] [2024-05-01T21:29:19.605Z] >>> [apiv2][query] POST https://www.googleapis.com/oauth2/v3/token [none]
[debug] [2024-05-01T21:29:19.605Z] >>> [apiv2][body] POST https://www.googleapis.com/oauth2/v3/token [omitted]
[debug] [2024-05-01T21:29:19.807Z] <<< [apiv2][status] POST https://www.googleapis.com/oauth2/v3/token 400
[debug] [2024-05-01T21:29:19.807Z] <<< [apiv2][body] POST https://www.googleapis.com/oauth2/v3/token [omitted]
[debug] [2024-05-01T21:29:19.809Z] >>> [apiv2][query] GET https://firebase.googleapis.com/v1beta1/projects pageSize=1000
[debug] [2024-05-01T21:29:20.009Z] <<< [apiv2][status] GET https://firebase.googleapis.com/v1beta1/projects 401
[debug] [2024-05-01T21:29:20.010Z] <<< [apiv2][body] GET https://firebase.googleapis.com/v1beta1/projects [omitted]
[debug] [2024-05-01T21:29:20.013Z] HTTP Error: 401, Request had invalid authentication credentials. Expected OAuth 2 access token, login cookie or other valid authentication credential. See https://developers.google.com/identity/sign-in/web/devconsole-project.
[debug] [2024-05-01T21:29:20.125Z] FirebaseError: HTTP Error: 401, Request had invalid authentication credentials. Expected OAuth 2 access token, login cookie or other valid authentication credential. See https://developers.google.com/identity/sign-in/web/devconsole-project.
    at responseToError (C:\Users\isgod\AppData\Roaming\npm\node_modules\firebase-tools\lib\responseToError.js:49:12)
    at RetryOperation._fn (C:\Users\isgod\AppData\Roaming\npm\node_modules\firebase-tools\lib\apiv2.js:299:77)
    at process.processTicksAndRejections (node:internal/process/task_queues:95:5)
[error] 
[error] Error: Failed to list Firebase projects. See firebase-debug.log for more info.
